Sat Apr 23 11:52:07 HSP 2022: 
 treemap.c | 34 +++++++++++++++++++++++++++++++---
 1 file changed, 31 insertions(+), 3 deletions(-)
test.c:6:8: error: '_strdup' redeclared without dllimport attribute: previous dllimport ignored [-Werror=attributes]
 char * _strdup(const char * str) {
        ^~~~~~~
cc1.exe: all warnings being treated as errors
Compilation failed
560e132
Sat Apr 23 11:58:13 HSP 2022: 
 tests:  13|5
total_score: 25/70
6aa7907
Sat Apr 23 12:02:41 HSP 2022: 
 treemap.c | 7 ++++++-
 1 file changed, 6 insertions(+), 1 deletion(-)
 tests:  13|5
total_score: 25/70
4cbdad4
Sat Apr 23 12:16:55 HSP 2022: 
 treemap.c | 11 ++++++++++-
 1 file changed, 10 insertions(+), 1 deletion(-)
 tests:  13|5
total_score: 25/70
2a5631d
Sat Apr 23 12:21:23 HSP 2022: 
 treemap.c | 16 +++++++++-------
 1 file changed, 9 insertions(+), 7 deletions(-)
 tests:  0|0
a2f1c6e
Sat Apr 23 12:28:07 HSP 2022: 
 treemap.c | 8 ++++++--
 1 file changed, 6 insertions(+), 2 deletions(-)
In file included from test.c:4:
treemap.c: In function 'removeNode':
treemap.c:91:47: error: expected ';' before '}' token
             node->right->parent = node->parent
                                               ^
                                               ;
         }
         ~                                      
treemap.c:95:46: error: expected ';' before '}' token
             node->left->parent = node->parent
                                              ^
                                              ;
         }
         ~                                     
treemap.c:101:46: error: expected ';' before '}' token
             node->left->parent = node->parent
                                              ^
                                              ;
         }
         ~                                     
treemap.c:105:47: error: expected ';' before '}' token
             node->right->parent = node->parent
                                               ^
                                               ;
         }
         ~                                      
Compilation failed
8e24f8d
Sat Apr 23 12:28:32 HSP 2022: 
 treemap.c | 8 ++++----
 1 file changed, 4 insertions(+), 4 deletions(-)
 tests:  0|0
a312c65
Sat Apr 23 18:30:27 UTC 2022: 
test.c: In function ‘creaPalabra’:
test.c:47:17: error: implicit declaration of function ‘_strdup’; did you mean ‘strdup’? [-Werror=implicit-function-declaration]
     new->word = _strdup(word);
                 ^~~~~~~
                 strdup
test.c:47:15: error: assignment makes pointer from integer without a cast [-Werror=int-conversion]
     new->word = _strdup(word);
               ^
test.c: In function ‘insert_test1’:
test.c:174:35: error: passing argument 2 of ‘creaPalabra’ makes pointer from integer without a cast [-Werror=int-conversion]
     Palabra* p = creaPalabra(1273,_strdup("repetido"));
                                   ^~~~~~~
test.c:44:10: note: expected ‘char *’ but argument is of type ‘int’
 Palabra* creaPalabra(int id, char* word){
          ^~~~~~~~~~~
test.c: In function ‘insert_test2’:
test.c:190:34: error: passing argument 2 of ‘creaPalabra’ makes pointer from integer without a cast [-Werror=int-conversion]
     Palabra* p = creaPalabra(900,_strdup("maicol"));
                                  ^~~~~~~
test.c:44:10: note: expected ‘char *’ but argument is of type ‘int’
 Palabra* creaPalabra(int id, char* word){
          ^~~~~~~~~~~
cc1: all warnings being treated as errors
Compilation failed
1a7d280
Sat Apr 23 18:30:45 UTC 2022: 
test.c: In function ‘creaPalabra’:
test.c:47:17: error: implicit declaration of function ‘_strdup’; did you mean ‘strdup’? [-Werror=implicit-function-declaration]
     new->word = _strdup(word);
                 ^~~~~~~
                 strdup
test.c:47:15: error: assignment makes pointer from integer without a cast [-Werror=int-conversion]
     new->word = _strdup(word);
               ^
test.c: In function ‘insert_test1’:
test.c:174:35: error: passing argument 2 of ‘creaPalabra’ makes pointer from integer without a cast [-Werror=int-conversion]
     Palabra* p = creaPalabra(1273,_strdup("repetido"));
                                   ^~~~~~~
test.c:44:10: note: expected ‘char *’ but argument is of type ‘int’
 Palabra* creaPalabra(int id, char* word){
          ^~~~~~~~~~~
test.c: In function ‘insert_test2’:
test.c:190:34: error: passing argument 2 of ‘creaPalabra’ makes pointer from integer without a cast [-Werror=int-conversion]
     Palabra* p = creaPalabra(900,_strdup("maicol"));
                                  ^~~~~~~
test.c:44:10: note: expected ‘char *’ but argument is of type ‘int’
 Palabra* creaPalabra(int id, char* word){
          ^~~~~~~~~~~
cc1: all warnings being treated as errors
Compilation failed
6140134
Sat Apr 23 18:30:56 UTC 2022: 
test.c: In function ‘creaPalabra’:
test.c:47:17: error: implicit declaration of function ‘_strdup’; did you mean ‘strdup’? [-Werror=implicit-function-declaration]
     new->word = _strdup(word);
                 ^~~~~~~
                 strdup
test.c:47:15: error: assignment makes pointer from integer without a cast [-Werror=int-conversion]
     new->word = _strdup(word);
               ^
test.c: In function ‘insert_test1’:
test.c:174:35: error: passing argument 2 of ‘creaPalabra’ makes pointer from integer without a cast [-Werror=int-conversion]
     Palabra* p = creaPalabra(1273,_strdup("repetido"));
                                   ^~~~~~~
test.c:44:10: note: expected ‘char *’ but argument is of type ‘int’
 Palabra* creaPalabra(int id, char* word){
          ^~~~~~~~~~~
test.c: In function ‘insert_test2’:
test.c:190:34: error: passing argument 2 of ‘creaPalabra’ makes pointer from integer without a cast [-Werror=int-conversion]
     Palabra* p = creaPalabra(900,_strdup("maicol"));
                                  ^~~~~~~
test.c:44:10: note: expected ‘char *’ but argument is of type ‘int’
 Palabra* creaPalabra(int id, char* word){
          ^~~~~~~~~~~
cc1: all warnings being treated as errors
Compilation failed
727fd48
Sat Apr 23 18:31:53 UTC 2022: 
 treemap.c | 2 +-
 1 file changed, 1 insertion(+), 1 deletion(-)
test.c: In function ‘creaPalabra’:
test.c:47:17: error: implicit declaration of function ‘_strdup’; did you mean ‘strdup’? [-Werror=implicit-function-declaration]
     new->word = _strdup(word);
                 ^~~~~~~
                 strdup
test.c:47:15: error: assignment makes pointer from integer without a cast [-Werror=int-conversion]
     new->word = _strdup(word);
               ^
test.c: In function ‘insert_test1’:
test.c:174:35: error: passing argument 2 of ‘creaPalabra’ makes pointer from integer without a cast [-Werror=int-conversion]
     Palabra* p = creaPalabra(1273,_strdup("repetido"));
                                   ^~~~~~~
test.c:44:10: note: expected ‘char *’ but argument is of type ‘int’
 Palabra* creaPalabra(int id, char* word){
          ^~~~~~~~~~~
test.c: In function ‘insert_test2’:
test.c:190:34: error: passing argument 2 of ‘creaPalabra’ makes pointer from integer without a cast [-Werror=int-conversion]
     Palabra* p = creaPalabra(900,_strdup("maicol"));
                                  ^~~~~~~
test.c:44:10: note: expected ‘char *’ but argument is of type ‘int’
 Palabra* creaPalabra(int id, char* word){
          ^~~~~~~~~~~
cc1: all warnings being treated as errors
Compilation failed
88bab2d
Sat Apr 23 18:42:10 UTC 2022: 
 tests:  0|0
1a82df8
Sat Apr 23 18:43:40 UTC 2022: 
 treemap.c | 1 -
 1 file changed, 1 deletion(-)
 tests:  0|0
048b531
Sat Apr 23 18:48:50 UTC 2022: 
 treemap.c | 8 +++++++-
 1 file changed, 7 insertions(+), 1 deletion(-)
 tests:  0|0
d122efe
Sat Apr 23 18:49:14 UTC 2022: 
 treemap.c | 2 +-
 1 file changed, 1 insertion(+), 1 deletion(-)
 tests:  0|0
febb017
Sat Apr 23 18:50:28 UTC 2022: 
 treemap.c | 2 +-
 1 file changed, 1 insertion(+), 1 deletion(-)
 tests:  14|5
total_score: 30/70
4552bee
Sat Apr 23 18:51:23 UTC 2022: 
 treemap.c | 2 +-
 1 file changed, 1 insertion(+), 1 deletion(-)
 tests:  14|5
total_score: 30/70
53ed3b2
Sat Apr 23 18:51:41 UTC 2022: 
 treemap.c | 2 +-
 1 file changed, 1 insertion(+), 1 deletion(-)
 tests:  14|5
total_score: 30/70
141155b
Sat Apr 23 18:53:49 UTC 2022: 
 treemap.c | 4 ++--
 1 file changed, 2 insertions(+), 2 deletions(-)
 tests:  14|5
total_score: 30/70
6c7d154
Sat Apr 23 18:55:30 UTC 2022: 
 treemap.c | 6 +++---
 1 file changed, 3 insertions(+), 3 deletions(-)
 tests:  14|5
total_score: 30/70
ecdf85f
Sat Apr 23 18:56:39 UTC 2022: 
 treemap.c | 2 +-
 1 file changed, 1 insertion(+), 1 deletion(-)
 tests:  14|5
total_score: 30/70
5a474de
Sat Apr 23 18:59:58 UTC 2022: 
 treemap.c | 1 +
 1 file changed, 1 insertion(+)
In file included from test.c:4:0:
treemap.c: In function ‘removeNode’:
treemap.c:86:34: error: ‘nodo’ undeclared (first use in this function); did you mean ‘node’?
       printf("key: %d\n", *(int*)nodo->pair->key );
                                  ^~~~
                                  node
treemap.c:86:34: note: each undeclared identifier is reported only once for each function it appears in
Compilation failed
f827047
Sat Apr 23 19:00:06 UTC 2022: 
 treemap.c | 2 +-
 1 file changed, 1 insertion(+), 1 deletion(-)
 tests:  14|5
total_score: 30/70
ebc12a3
Sat Apr 23 19:00:48 UTC 2022: 
 treemap.c | 2 +-
 1 file changed, 1 insertion(+), 1 deletion(-)
 tests:  14|5
total_score: 30/70
c2a622d
Sat Apr 23 19:02:12 UTC 2022: 
 treemap.c | 2 +-
 1 file changed, 1 insertion(+), 1 deletion(-)
 tests:  12|6
total_score: 30/70
7df93e1
Sat Apr 23 19:02:44 UTC 2022: 
 treemap.c | 2 +-
 1 file changed, 1 insertion(+), 1 deletion(-)
 tests:  14|5
total_score: 30/70
09ff25b
Sat Apr 23 19:06:18 UTC 2022: 
 treemap.c | 5 +++--
 1 file changed, 3 insertions(+), 2 deletions(-)
 tests:  14|5
total_score: 30/70
969134f
Sat Apr 23 19:06:46 UTC 2022: 
 tests:  14|5
total_score: 30/70
d8804a4
Sat Apr 23 19:10:34 UTC 2022: 
 tests:  14|5
total_score: 30/70
e4fff84
Sat Apr 23 19:17:49 UTC 2022: 
 treemap.c | 16 ++++++++++++++++
 1 file changed, 16 insertions(+)
 tests:  16|5
total_score: 35/70
263b2a5
Sat Apr 23 19:42:38 UTC 2022: 
 treemap.c | 5 ++++-
 1 file changed, 4 insertions(+), 1 deletion(-)
 tests:  18|4
total_score: 40/70
2b68f15
Sat Apr 23 19:52:39 UTC 2022: 
 treemap.c | 3 +--
 1 file changed, 1 insertion(+), 2 deletions(-)
In file included from test.c:4:0:
treemap.c: In function ‘removeNode’:
treemap.c:93:28: error: suggest parentheses around ‘&&’ within ‘||’ [-Werror=parentheses]
   if((node->right != NULL) && (node->left == NULL) || (node->right == NULL) && (node->left != NULL)){ //un solo hijo
      ~~~~~~~~~~~~~~~~~~~~~~^~~~~~~~~~~~~~~~~~~~~~~
cc1: all warnings being treated as errors
Compilation failed
a73c56b
Sat Apr 23 19:53:07 UTC 2022: 
 treemap.c | 2 +-
 1 file changed, 1 insertion(+), 1 deletion(-)
 tests:  18|4
total_score: 40/70
fe176d9
Sat Apr 23 19:56:06 UTC 2022: 
 treemap.c | 1 +
 1 file changed, 1 insertion(+)
 tests:  18|4
total_score: 40/70
c48e7b8
Sat Apr 23 19:57:13 UTC 2022: 
 treemap.c | 2 +-
 1 file changed, 1 insertion(+), 1 deletion(-)
 tests:  18|4
total_score: 40/70
130c2e9
Sat Apr 23 19:57:42 UTC 2022: 
 treemap.c | 2 +-
 1 file changed, 1 insertion(+), 1 deletion(-)
 tests:  18|4
total_score: 40/70
d9cc0fb
Sat Apr 23 20:05:24 UTC 2022: 
 treemap.c | 2 +-
 1 file changed, 1 insertion(+), 1 deletion(-)
 tests:  0|0
d14c3aa
Sat Apr 23 20:05:34 UTC 2022: 
 treemap.c | 2 +-
 1 file changed, 1 insertion(+), 1 deletion(-)
 tests:  0|0
1976f85
Sat Apr 23 20:11:00 UTC 2022: 
 treemap.c | 2 +-
 1 file changed, 1 insertion(+), 1 deletion(-)
 tests:  0|0
a95f428
Sat Apr 23 20:11:40 UTC 2022: 
 treemap.c | 1 -
 1 file changed, 1 deletion(-)
 tests:  18|4
total_score: 40/70
8359487
Sat Apr 23 20:11:54 UTC 2022: 
 treemap.c | 1 +
 1 file changed, 1 insertion(+)
 tests:  0|0
c833897
Sat Apr 23 20:12:05 UTC 2022: 
 treemap.c | 1 -
 1 file changed, 1 deletion(-)
 tests:  18|4
total_score: 40/70
0cabe22
Sat Apr 23 20:14:21 UTC 2022: 
 treemap.c | 4 ++--
 1 file changed, 2 insertions(+), 2 deletions(-)
 tests:  18|4
total_score: 40/70
ede3389
Sat Apr 23 20:14:33 UTC 2022: 
 treemap.c | 2 +-
 1 file changed, 1 insertion(+), 1 deletion(-)
 tests:  18|4
total_score: 40/70
e428e98
Sat Apr 23 20:14:48 UTC 2022: 
 treemap.c | 4 ++--
 1 file changed, 2 insertions(+), 2 deletions(-)
 tests:  18|4
total_score: 40/70
9578363
Sat Apr 23 20:30:41 UTC 2022: 
 treemap.c | 6 +++---
 1 file changed, 3 insertions(+), 3 deletions(-)
In file included from test.c:4:0:
treemap.c: In function ‘createTreeMap’:
treemap.c:40:18: error: expected expression before ‘TreeMap’
   TreeMap* map = TreeMap(lower_than(key1,key2));
                  ^~~~~~~
Compilation failed
120759e
Sat Apr 23 20:35:07 UTC 2022: 
 treemap.c | 2 +-
 1 file changed, 1 insertion(+), 1 deletion(-)
In file included from test.c:4:0:
treemap.c: In function ‘createTreeMap’:
treemap.c:40:18: error: expected expression before ‘TreeMap’
   TreeMap* map = TreeMap(lower_than_int);
                  ^~~~~~~
Compilation failed
69a40ed
Sat Apr 23 20:42:14 UTC 2022: 
 treemap.c | 6 +++++-
 1 file changed, 5 insertions(+), 1 deletion(-)
In file included from test.c:4:0:
treemap.c: In function ‘createTreeMap’:
treemap.c:41:3: error: ‘map’ undeclared (first use in this function)
   map->root = NULL;
   ^~~
treemap.c:41:3: note: each undeclared identifier is reported only once for each function it appears in
treemap.c:43:3: error: ‘lt’ undeclared (first use in this function)
   lt = lower_than(key1,key2);
   ^~
treemap.c:43:19: error: ‘key1’ undeclared (first use in this function); did you mean ‘key_t’?
   lt = lower_than(key1,key2);
                   ^~~~
                   key_t
treemap.c:43:24: error: ‘key2’ undeclared (first use in this function); did you mean ‘key1’?
   lt = lower_than(key1,key2);
                        ^~~~
                        key1
treemap.c:47:1: error: control reaches end of non-void function [-Werror=return-type]
 }
 ^
cc1: all warnings being treated as errors
Compilation failed
e5edfbb
Sat Apr 23 20:42:36 UTC 2022: 
 treemap.c | 1 +
 1 file changed, 1 insertion(+)
In file included from test.c:4:0:
treemap.c: In function ‘createTreeMap’:
treemap.c:42:3: error: ‘map’ undeclared (first use in this function)
   map->root = NULL;
   ^~~
treemap.c:42:3: note: each undeclared identifier is reported only once for each function it appears in
treemap.c:44:19: error: ‘key1’ undeclared (first use in this function); did you mean ‘key_t’?
   lt = lower_than(key1,key2);
                   ^~~~
                   key_t
treemap.c:44:24: error: ‘key2’ undeclared (first use in this function); did you mean ‘key1’?
   lt = lower_than(key1,key2);
                        ^~~~
                        key1
treemap.c:48:1: error: control reaches end of non-void function [-Werror=return-type]
 }
 ^
cc1: all warnings being treated as errors
Compilation failed
b02f9ab
Sat Apr 23 20:49:13 UTC 2022: 
 treemap.c | 2 +-
 1 file changed, 1 insertion(+), 1 deletion(-)
In file included from test.c:4:0:
treemap.c: In function ‘createTreeMap’:
treemap.c:41:18: error: expected expression before ‘TreeMap’
   TreeMap* map = TreeMap(lower_than_int);
                  ^~~~~~~
treemap.c:44:19: error: ‘key1’ undeclared (first use in this function); did you mean ‘key_t’?
   lt = lower_than(key1,key2);
                   ^~~~
                   key_t
treemap.c:44:19: note: each undeclared identifier is reported only once for each function it appears in
treemap.c:44:24: error: ‘key2’ undeclared (first use in this function); did you mean ‘key1’?
   lt = lower_than(key1,key2);
                        ^~~~
                        key1
treemap.c:45:19: error: assignment makes pointer from integer without a cast [-Werror=int-conversion]
   map->lower_than = lt;
                   ^
cc1: all warnings being treated as errors
Compilation failed
fdbdbee
Sat Apr 23 20:49:26 UTC 2022: 
 treemap.c | 4 ++--
 1 file changed, 2 insertions(+), 2 deletions(-)
In file included from test.c:4:0:
treemap.c: In function ‘createTreeMap’:
treemap.c:48:1: error: control reaches end of non-void function [-Werror=return-type]
 }
 ^
cc1: all warnings being treated as errors
Compilation failed
00fbc18
Sat Apr 23 20:49:48 UTC 2022: 
 treemap.c | 4 ++--
 1 file changed, 2 insertions(+), 2 deletions(-)
 tests:  18|4
total_score: 40/70
d84b016
Sat Apr 23 20:54:11 UTC 2022: 
 treemap.c | 10 ++--------
 1 file changed, 2 insertions(+), 8 deletions(-)
In file included from test.c:4:0:
treemap.c: In function ‘createTreeMap’:
treemap.c:40:3: error: ‘map’ undeclared (first use in this function)
   map->lower_than = lower_than
   ^~~
treemap.c:40:3: note: each undeclared identifier is reported only once for each function it appears in
treemap.c:41:5: error: expected ‘;’ before ‘return’
     return map;
     ^~~~~~
treemap.c:42:1: error: control reaches end of non-void function [-Werror=return-type]
 }
 ^
cc1: all warnings being treated as errors
Compilation failed
7725edd
Sat Apr 23 20:54:18 UTC 2022: 
 treemap.c | 2 +-
 1 file changed, 1 insertion(+), 1 deletion(-)
In file included from test.c:4:0:
treemap.c: In function ‘createTreeMap’:
treemap.c:40:3: error: ‘map’ undeclared (first use in this function)
   map->lower_than = lower_than;
   ^~~
treemap.c:40:3: note: each undeclared identifier is reported only once for each function it appears in
treemap.c:42:1: error: control reaches end of non-void function [-Werror=return-type]
 }
 ^
cc1: all warnings being treated as errors
Compilation failed
305010d
Sat Apr 23 20:56:43 UTC 2022: 
 treemap.c | 1 +
 1 file changed, 1 insertion(+)
 tests:  21|3
total_score: 45/70
b366995
Sat Apr 23 20:57:14 UTC 2022: 
 treemap.c | 2 ++
 1 file changed, 2 insertions(+)
 tests:  21|3
total_score: 45/70
644d4bf
Sat Apr 23 21:05:59 UTC 2022: 
 treemap.c | 2 +-
 1 file changed, 1 insertion(+), 1 deletion(-)
 tests:  21|3
total_score: 45/70
faafa71
Sat Apr 23 21:06:41 UTC 2022: 
 treemap.c | 3 +--
 1 file changed, 1 insertion(+), 2 deletions(-)
In file included from test.c:4:0:
treemap.c: In function ‘removeNode’:
treemap.c:90:12: error: ‘aux’ undeclared (first use in this function)
     node = aux;
            ^~~
treemap.c:90:12: note: each undeclared identifier is reported only once for each function it appears in
treemap.c: At top level:
treemap.c:94:3: error: expected identifier or ‘(’ before ‘if’
   if(((node->right != NULL) && (node->left == NULL)) || ((node->right == NULL) && (node->left != NULL))){ //un solo hijo
   ^~
treemap.c:116:3: error: data definition has no type or storage class [-Werror]
   free(node);
   ^~~~
treemap.c:116:3: error: type defaults to ‘int’ in declaration of ‘free’ [-Werror=implicit-int]
treemap.c:116:3: error: parameter names (without types) in function declaration [-Werror]
treemap.c:116:3: error: conflicting types for ‘free’
In file included from test.c:2:0:
/usr/include/stdlib.h:563:13: note: previous declaration of ‘free’ was here
 extern void free (void *__ptr) __THROW;
             ^~~~
In file included from test.c:4:0:
treemap.c:117:1: error: expected identifier or ‘(’ before ‘}’ token
 }
 ^
cc1: all warnings being treated as errors
Compilation failed
10692ba
Sat Apr 23 21:06:50 UTC 2022: 
 treemap.c | 1 -
 1 file changed, 1 deletion(-)
 tests:  21|3
total_score: 45/70
8526c33
Sat Apr 23 21:09:07 UTC 2022: 
 treemap.c | 1 +
 1 file changed, 1 insertion(+)
In file included from test.c:4:0:
treemap.c: In function ‘removeNode’:
treemap.c:92:3: error: expected ‘;’ before ‘}’ token
   }
   ^
Compilation failed
179a2ca
Sat Apr 23 21:09:12 UTC 2022: 
 treemap.c | 2 +-
 1 file changed, 1 insertion(+), 1 deletion(-)
 tests:  0|0
bca3e07
Sat Apr 23 21:09:29 UTC 2022: 
 treemap.c | 2 +-
 1 file changed, 1 insertion(+), 1 deletion(-)
 tests:  21|3
total_score: 45/70
a224826
Sat Apr 23 21:13:01 UTC 2022: 
 treemap.c | 6 +++---
 1 file changed, 3 insertions(+), 3 deletions(-)
In file included from test.c:4:0:
treemap.c: In function ‘removeNode’:
treemap.c:89:9: error: ‘TreeNode {aka struct TreeNode}’ has no member named ‘key’
     node->key = aux->key;
         ^~
treemap.c:89:20: error: ‘TreeNode {aka struct TreeNode}’ has no member named ‘key’
     node->key = aux->key;
                    ^~
treemap.c:90:9: error: ‘TreeNode {aka struct TreeNode}’ has no member named ‘value’
     node->value = aux->value;
         ^~
treemap.c:90:22: error: ‘TreeNode {aka struct TreeNode}’ has no member named ‘value’
     node->value = aux->value;
                      ^~
Compilation failed
e9e007f
Sat Apr 23 21:14:09 UTC 2022: 
 treemap.c | 2 +-
 1 file changed, 1 insertion(+), 1 deletion(-)
In file included from test.c:4:0:
treemap.c: In function ‘removeNode’:
treemap.c:90:9: error: ‘TreeNode {aka struct TreeNode}’ has no member named ‘value’
     node->value = aux->value;
         ^~
treemap.c:90:22: error: ‘TreeNode {aka struct TreeNode}’ has no member named ‘value’
     node->value = aux->value;
                      ^~
Compilation failed
42e15a2
Sat Apr 23 21:14:21 UTC 2022: 
 treemap.c | 2 +-
 1 file changed, 1 insertion(+), 1 deletion(-)
 tests:  0|0
eda36c4
Sat Apr 23 21:23:47 UTC 2022: 
 treemap.c | 4 ++--
 1 file changed, 2 insertions(+), 2 deletions(-)
 tests:  0|0
9c82984
Sat Apr 23 21:23:58 UTC 2022: 
 treemap.c | 2 +-
 1 file changed, 1 insertion(+), 1 deletion(-)
 tests:  0|0
a01a2db
Sat Apr 23 21:24:09 UTC 2022: 
 treemap.c | 2 +-
 1 file changed, 1 insertion(+), 1 deletion(-)
In file included from test.c:4:0:
treemap.c: In function ‘removeNode’:
treemap.c:86:15: error: unused variable ‘aux’ [-Werror=unused-variable]
     TreeNode *aux = node;
               ^~~
cc1: all warnings being treated as errors
Compilation failed
1939a23
Sat Apr 23 21:24:21 UTC 2022: 
 treemap.c | 2 +-
 1 file changed, 1 insertion(+), 1 deletion(-)
 tests:  0|0
a2e6acf
Sat Apr 23 21:25:16 UTC 2022: 
 treemap.c | 4 ++--
 1 file changed, 2 insertions(+), 2 deletions(-)
 tests:  0|0
a653621
Sat Apr 23 21:25:27 UTC 2022: 
 treemap.c | 2 +-
 1 file changed, 1 insertion(+), 1 deletion(-)
 tests:  0|0
08bdc1d
Sat Apr 23 21:25:40 UTC 2022: 
 treemap.c | 4 ++--
 1 file changed, 2 insertions(+), 2 deletions(-)
 tests:  0|0
92c435c
Sat Apr 23 21:26:24 UTC 2022: 
 treemap.c | 6 +++---
 1 file changed, 3 insertions(+), 3 deletions(-)
 tests:  19|3
total_score: 35/70
5e372dd
Sat Apr 23 21:26:53 UTC 2022: 
 treemap.c | 8 ++++----
 1 file changed, 4 insertions(+), 4 deletions(-)
 tests:  0|0
5f6caa6
Sat Apr 23 21:27:21 UTC 2022: 
 treemap.c | 4 ++--
 1 file changed, 2 insertions(+), 2 deletions(-)
test.c: In function ‘removeNode’:
test.c:503:5: error: ‘main’ is normally a non-static function [-Werror=main]
 int main( int argc, char *argv[] ) {
     ^~~~
test.c:606:1: error: expected declaration or statement at end of input
 }
 ^
At top level:
test.c:503:5: error: ‘main’ defined but not used [-Werror=unused-function]
 int main( int argc, char *argv[] ) {
     ^~~~
cc1: all warnings being treated as errors
Compilation failed
ed67980
Sat Apr 23 21:27:30 UTC 2022: 
 treemap.c | 4 ++--
 1 file changed, 2 insertions(+), 2 deletions(-)
test.c: In function ‘removeNode’:
test.c:503:5: error: ‘main’ is normally a non-static function [-Werror=main]
 int main( int argc, char *argv[] ) {
     ^~~~
test.c:606:1: error: expected declaration or statement at end of input
 }
 ^
At top level:
test.c:503:5: error: ‘main’ defined but not used [-Werror=unused-function]
 int main( int argc, char *argv[] ) {
     ^~~~
cc1: all warnings being treated as errors
Compilation failed
484233b
Sat Apr 23 21:27:43 UTC 2022: 
 treemap.c | 4 ++--
 1 file changed, 2 insertions(+), 2 deletions(-)
test.c: In function ‘removeNode’:
test.c:503:5: error: ‘main’ is normally a non-static function [-Werror=main]
 int main( int argc, char *argv[] ) {
     ^~~~
test.c:606:1: error: expected declaration or statement at end of input
 }
 ^
At top level:
test.c:503:5: error: ‘main’ defined but not used [-Werror=unused-function]
 int main( int argc, char *argv[] ) {
     ^~~~
cc1: all warnings being treated as errors
Compilation failed
e99f291
Sat Apr 23 21:27:59 UTC 2022: 
 treemap.c | 12 ++++++------
 1 file changed, 6 insertions(+), 6 deletions(-)
test.c: In function ‘removeNode’:
test.c:503:5: error: ‘main’ is normally a non-static function [-Werror=main]
 int main( int argc, char *argv[] ) {
     ^~~~
test.c:606:1: error: expected declaration or statement at end of input
 }
 ^
At top level:
test.c:503:5: error: ‘main’ defined but not used [-Werror=unused-function]
 int main( int argc, char *argv[] ) {
     ^~~~
cc1: all warnings being treated as errors
Compilation failed
a50804b
Sat Apr 23 21:28:40 UTC 2022: 
 treemap.c | 10 +++++-----
 1 file changed, 5 insertions(+), 5 deletions(-)
In file included from test.c:4:0:
treemap.c: In function ‘removeNode’:
treemap.c:94:107: error: unknown type name ‘un’; did you mean ‘uint’?
   if(((node->right != NULL) && (node->left == NULL)) || ((node->right == NULL) && (node->left != NULL))){ un solo hijo
                                                                                                           ^~
                                                                                                           uint
treemap.c:94:115: error: expected ‘=’, ‘,’, ‘;’, ‘asm’ or ‘__attribute__’ before ‘hijo’
   if(((node->right != NULL) && (node->left == NULL)) || ((node->right == NULL) && (node->left != NULL))){ un solo hijo
                                                                                                                   ^~~~
Compilation failed
e722d4d
Sat Apr 23 21:28:52 UTC 2022: 
 treemap.c | 2 +-
 1 file changed, 1 insertion(+), 1 deletion(-)
 tests:  0|0
8787202
Sat Apr 23 21:29:19 UTC 2022: 
 treemap.c | 4 ++--
 1 file changed, 2 insertions(+), 2 deletions(-)
 tests:  20|3
total_score: 40/70
5df5f89
Sat Apr 23 21:29:49 UTC 2022: 
 treemap.c | 2 +-
 1 file changed, 1 insertion(+), 1 deletion(-)
 tests:  20|3
total_score: 40/70
737a3e4
Sat Apr 23 21:29:54 UTC 2022: 
 treemap.c | 2 +-
 1 file changed, 1 insertion(+), 1 deletion(-)
 tests:  0|0
7a55496
Sat Apr 23 21:48:39 UTC 2022: 
 treemap.c | 2 +-
 1 file changed, 1 insertion(+), 1 deletion(-)
 tests:  20|3
total_score: 40/70
e4196d0
Sat Apr 23 21:48:49 UTC 2022: 
 treemap.c | 4 ++--
 1 file changed, 2 insertions(+), 2 deletions(-)
 tests:  20|3
total_score: 40/70
eed33e6
Sat Apr 23 21:51:38 UTC 2022: 
 treemap.c | 2 +-
 1 file changed, 1 insertion(+), 1 deletion(-)
 tests:  0|0
ca4fad5
Sat Apr 23 21:51:47 UTC 2022: 
 treemap.c | 2 +-
 1 file changed, 1 insertion(+), 1 deletion(-)
 tests:  0|0
c26e5f1
Sat Apr 23 21:52:40 UTC 2022: 
 treemap.c | 2 +-
 1 file changed, 1 insertion(+), 1 deletion(-)
 tests:  20|3
total_score: 40/70
fb93d20
Sat Apr 23 21:53:36 UTC 2022: 
 treemap.c | 2 +-
 1 file changed, 1 insertion(+), 1 deletion(-)
 tests:  0|0
0633b7b
Sat Apr 23 22:00:42 UTC 2022: 
 treemap.c | 2 +-
 1 file changed, 1 insertion(+), 1 deletion(-)
 tests:  0|0
95a0b4b
Sat Apr 23 22:09:01 UTC 2022: 
 treemap.c | 2 +-
 1 file changed, 1 insertion(+), 1 deletion(-)
 tests:  0|0
a6ecb93
Sat Apr 23 22:09:13 UTC 2022: 
 treemap.c | 2 +-
 1 file changed, 1 insertion(+), 1 deletion(-)
 tests:  0|0
2672b97
Sat Apr 23 22:15:43 UTC 2022: 
 treemap.c | 3 ++-
 1 file changed, 2 insertions(+), 1 deletion(-)
 tests:  0|0
8e11b75
Sat Apr 23 22:19:17 UTC 2022: 
 treemap.c | 4 ++--
 1 file changed, 2 insertions(+), 2 deletions(-)
 tests:  0|0
6c5bfaa
Sat Apr 23 23:01:32 UTC 2022: 
 treemap.c | 14 ++++++++++++--
 1 file changed, 12 insertions(+), 2 deletions(-)
 tests:  0|0
5971426
Sat Apr 23 23:06:51 UTC 2022: 
 treemap.c | 6 +++++-
 1 file changed, 5 insertions(+), 1 deletion(-)
 tests:  0|0
51624a1
Sat Apr 23 23:08:34 UTC 2022: 
 treemap.c | 4 +++-
 1 file changed, 3 insertions(+), 1 deletion(-)
In file included from test.c:4:0:
treemap.c: In function ‘removeNode’:
treemap.c:91:11: error: statement with no effect [-Werror=unused-value]
       aux ->right;
       ~~~~^~~~~~~
treemap.c:95:15: error: redefinition of ‘aux’
     TreeNode *aux = node;
               ^~~
treemap.c:89:15: note: previous definition of ‘aux’ was here
     TreeNode *aux = node;
               ^~~
cc1: all warnings being treated as errors
Compilation failed
9322964
Sat Apr 23 23:08:55 UTC 2022: 
 treemap.c | 3 +--
 1 file changed, 1 insertion(+), 2 deletions(-)
 tests:  0|0
60b5d76
Sat Apr 23 23:18:10 UTC 2022: 
 treemap.c | 4 ++--
 1 file changed, 2 insertions(+), 2 deletions(-)
In file included from test.c:4:0:
treemap.c: In function ‘removeNode’:
treemap.c:100:12: error: passing argument 1 of ‘remove’ from incompatible pointer type [-Werror=incompatible-pointer-types]
     remove(tree,aux);
            ^~~~
In file included from test.c:1:0:
/usr/include/stdio.h:144:12: note: expected ‘const char *’ but argument is of type ‘TreeMap * {aka struct TreeMap *}’
 extern int remove (const char *__filename) __THROW;
            ^~~~~~
In file included from test.c:4:0:
treemap.c:100:5: error: too many arguments to function ‘remove’
     remove(tree,aux);
     ^~~~~~
In file included from test.c:1:0:
/usr/include/stdio.h:144:12: note: declared here
 extern int remove (const char *__filename) __THROW;
            ^~~~~~
cc1: all warnings being treated as errors
Compilation failed
0379133
Sat Apr 23 23:18:21 UTC 2022: 
 treemap.c | 2 +-
 1 file changed, 1 insertion(+), 1 deletion(-)
 tests:  0|0
39936cd
Sat Apr 23 23:22:48 UTC 2022: 
 treemap.c | 4 ++--
 1 file changed, 2 insertions(+), 2 deletions(-)
 tests:  22|2
total_score: 50/70
6820cd5
Sun Apr 24 19:08:50 UTC 2022: 
 treemap.c | 3 ++-
 1 file changed, 2 insertions(+), 1 deletion(-)
 tests:  22|2
total_score: 50/70
98e2a8a
Sun Apr 24 19:11:14 UTC 2022: 
 treemap.c | 1 +
 1 file changed, 1 insertion(+)
 tests:  22|2
total_score: 50/70
9e428c1
Sun Apr 24 19:14:05 UTC 2022: 
 treemap.c | 14 +-------------
 1 file changed, 1 insertion(+), 13 deletions(-)
 tests:  22|2
total_score: 50/70
f54d683
Sun Apr 24 19:18:13 UTC 2022: 
 treemap.c | 10 ++++++++++
 1 file changed, 10 insertions(+)
In file included from test.c:4:0:
treemap.c: In function ‘nextTreeMap’:
treemap.c:183:10: error: implicit declaration of function ‘lower_than’ [-Werror=implicit-function-declaration]
       if(lower_than(aux->pair->key, aux->parent->pair->key) == 1){
          ^~~~~~~~~~
cc1: all warnings being treated as errors
Compilation failed
8132771
Sun Apr 24 19:20:53 UTC 2022: 
 treemap.c | 3 +++
 1 file changed, 3 insertions(+)
In file included from test.c:4:0:
treemap.c: In function ‘nextTreeMap’:
treemap.c:183:10: error: implicit declaration of function ‘lower_than’ [-Werror=implicit-function-declaration]
       if(lower_than(aux->pair->key, aux->parent->pair->key) == 1){
          ^~~~~~~~~~
cc1: all warnings being treated as errors
Compilation failed
0253c04
Sun Apr 24 19:37:31 UTC 2022: 
 treemap.c | 8 +++++++-
 1 file changed, 7 insertions(+), 1 deletion(-)
In file included from test.c:4:0:
treemap.c: In function ‘upperBound’:
treemap.c:163:13: error: unused variable ‘aux’ [-Werror=unused-variable]
   TreeNode *aux = tree->root;
             ^~~
cc1: all warnings being treated as errors
Compilation failed
2b40f6d
Sun Apr 24 19:39:33 UTC 2022: 
 treemap.c | 8 +++++++-
 1 file changed, 7 insertions(+), 1 deletion(-)
In file included from test.c:4:0:
treemap.c: In function ‘upperBound’:
treemap.c:163:13: error: variable ‘aux’ set but not used [-Werror=unused-but-set-variable]
   TreeNode *aux = tree->root;
             ^~~
cc1: all warnings being treated as errors
Compilation failed
1e6182d
Sun Apr 24 19:49:31 UTC 2022: 
 treemap.c | 7 ++++---
 1 file changed, 4 insertions(+), 3 deletions(-)
 tests:  22|2
total_score: 50/70
671559b
Sun Apr 24 19:49:50 UTC 2022: 
 treemap.c | 6 +++---
 1 file changed, 3 insertions(+), 3 deletions(-)
In file included from test.c:4:0:
treemap.c: In function ‘upperBound’:
treemap.c:176:12: error: return from incompatible pointer type [-Werror=incompatible-pointer-types]
     return aux;
            ^~~
cc1: all warnings being treated as errors
Compilation failed
7c28d11
Sun Apr 24 19:50:07 UTC 2022: 
 treemap.c | 2 +-
 1 file changed, 1 insertion(+), 1 deletion(-)
 tests:  0|0
b7eb3d0
Sun Apr 24 19:50:21 UTC 2022: 
 treemap.c | 2 +-
 1 file changed, 1 insertion(+), 1 deletion(-)
 tests:  0|0
98b3282
Sun Apr 24 19:50:32 UTC 2022: 
 treemap.c | 2 +-
 1 file changed, 1 insertion(+), 1 deletion(-)
 tests:  0|0
0bfd747
Sun Apr 24 19:58:34 UTC 2022: 
 treemap.c | 20 ++++++++++++--------
 1 file changed, 12 insertions(+), 8 deletions(-)
 tests:  0|0
fe2628f
